Detecting compiler hash for triplet x64-linux...
The following packages will be built and installed:
    sdl2[core,x11]:x64-linux -> 2.0.20#1
    stb[core]:x64-linux -> 2020-09-14#1
    utf8proc[core]:x64-linux -> 2.6.1
    zlib[core]:x64-linux -> 1.2.12
Restored 0 packages from /home/logan/.cache/vcpkg/archives in 8.47 us. Use --debug to see more details.
Starting package 1/4: sdl2:x64-linux
Building package sdl2[core,x11]:x64-linux...
-- Using cached libsdl-org-SDL-release-2.0.20.tar.gz.
-- Cleaning sources at /home/logan/Dev/C++/fantastic-umbrella/vcpkg/buildtrees/sdl2/src/ase-2.0.20-870b37d4f3.clean. Use --editable to skip cleaning for the packages you specify.
-- Extracting source /home/logan/Dev/C++/fantastic-umbrella/vcpkg/downloads/libsdl-org-SDL-release-2.0.20.tar.gz
-- Applying patch 0001-sdl2-Enable-creation-of-pkg-cfg-file-on-windows.patch
-- Applying patch 0002-sdl2-skip-ibus-on-linux.patch
-- Applying patch 0003-sdl2-disable-sdlmain-target-search-on-uwp.patch
-- Applying patch 0004-Define-crt-macros.patch
-- Applying patch 0005-Fix-uwp-joystick.patch
-- Applying patch 0006-Update-SDL_sysurl.cpp.patch
-- Applying patch 0007-timer-Fix-Emscripten-declaration-after-statement-err.patch
-- Using source at /home/logan/Dev/C++/fantastic-umbrella/vcpkg/buildtrees/sdl2/src/ase-2.0.20-870b37d4f3.clean
CMake Warning at ports/sdl2/portfile.cmake:32 (message):
  You will need to install Xorg dependencies to use feature x11:

  sudo apt install libx11-dev libxft-dev libxext-dev

Call Stack (most recent call first):
  scripts/ports.cmake:145 (include)


-- Found external ninja('1.10.2').
-- Configuring x64-linux-dbg
-- Configuring x64-linux-rel
CMake Warning at /home/logan/Dev/C++/fantastic-umbrella/cmake-build-debug/vcpkg_installed/x64-linux/share/vcpkg-cmake/vcpkg_cmake_configure.cmake:487 (message):
  The following variables are not used in CMakeLists.txt:

      SDL_FORCE_STATIC_VCRT

  Please recheck them and remove the unnecessary options from the
  `vcpkg_cmake_configure` call.

  If these options should still be passed for whatever reason, please use the
  `MAYBE_UNUSED_VARIABLES` argument.
Call Stack (most recent call first):
  ports/sdl2/portfile.cmake:35 (vcpkg_cmake_configure)
  scripts/ports.cmake:145 (include)


-- Building x64-linux-dbg
-- Building x64-linux-rel
-- Fixing pkgconfig file: /home/logan/Dev/C++/fantastic-umbrella/vcpkg/packages/sdl2_x64-linux/lib/pkgconfig/sdl2.pc
-- Fixing pkgconfig file: /home/logan/Dev/C++/fantastic-umbrella/vcpkg/packages/sdl2_x64-linux/debug/lib/pkgconfig/sdl2.pc
-- Performing post-build validation
-- Performing post-build validation done
Stored binary cache: /home/logan/.cache/vcpkg/archives/30/306acf02879d40cb2a92d0ce725a280075f07202c2e48a8e9cd45cc9e870081f.zip
Installing package sdl2[core,x11]:x64-linux...
Elapsed time for package sdl2:x64-linux: 40.25 s
Starting package 2/4: stb:x64-linux
Building package stb[core]:x64-linux...
-- Downloading https://github.com/nothings/stb/archive/b42009b3b9d4ca35bc703f5310eedc74f584be58.tar.gz -> nothings-stb-b42009b3b9d4ca35bc703f5310eedc74f584be58.tar.gz...
-- Extracting source /home/logan/Dev/C++/fantastic-umbrella/vcpkg/downloads/nothings-stb-b42009b3b9d4ca35bc703f5310eedc74f584be58.tar.gz
-- Using source at /home/logan/Dev/C++/fantastic-umbrella/vcpkg/buildtrees/stb/src/74f584be58-c6ba25f408.clean
-- Installing: /home/logan/Dev/C++/fantastic-umbrella/vcpkg/packages/stb_x64-linux/share/stb/copyright
-- Installing: /home/logan/Dev/C++/fantastic-umbrella/vcpkg/packages/stb_x64-linux/share/stb/FindStb.cmake
-- Installing: /home/logan/Dev/C++/fantastic-umbrella/vcpkg/packages/stb_x64-linux/share/stb/vcpkg-cmake-wrapper.cmake
-- Performing post-build validation
-- Performing post-build validation done
Stored binary cache: /home/logan/.cache/vcpkg/archives/66/66bdd364ee9a05b166818d391a90ceeb22851d803e86d96a6393fd0f5e555fc9.zip
Installing package stb[core]:x64-linux...
Elapsed time for package stb:x64-linux: 1.868 s
Starting package 3/4: utf8proc:x64-linux
Building package utf8proc[core]:x64-linux...
-- Downloading https://github.com/JuliaLang/utf8proc/archive/3203baa7374d67132384e2830b2183c92351bffc.tar.gz -> JuliaLang-utf8proc-3203baa7374d67132384e2830b2183c92351bffc.tar.gz...
-- Extracting source /home/logan/Dev/C++/fantastic-umbrella/vcpkg/downloads/JuliaLang-utf8proc-3203baa7374d67132384e2830b2183c92351bffc.tar.gz
-- Applying patch export-cmake-targets.patch
-- Using source at /home/logan/Dev/C++/fantastic-umbrella/vcpkg/buildtrees/utf8proc/src/c92351bffc-93a4b65b29.clean
-- Found external ninja('1.10.2').
-- Configuring x64-linux-dbg
-- Configuring x64-linux-rel
-- Building x64-linux-dbg
-- Building x64-linux-rel
-- Installing: /home/logan/Dev/C++/fantastic-umbrella/vcpkg/packages/utf8proc_x64-linux/share/utf8proc/copyright
-- Performing post-build validation
-- Performing post-build validation done
Stored binary cache: /home/logan/.cache/vcpkg/archives/20/2076976d2f8ff5b911ab008be52cd0063772503ff8b94b43d596003f20ba1eee.zip
Installing package utf8proc[core]:x64-linux...
Elapsed time for package utf8proc:x64-linux: 2.749 s
Starting package 4/4: zlib:x64-linux
Building package zlib[core]:x64-linux...
-- Downloading https://www.zlib.net/zlib-1.2.12.tar.gz -> zlib1212.tar.gz...
-- Extracting source /home/logan/Dev/C++/fantastic-umbrella/vcpkg/downloads/zlib1212.tar.gz
-- Applying patch cmake_dont_build_more_than_needed.patch
-- Applying patch 0001-Prevent-invalid-inclusions-when-HAVE_-is-set-to-0.patch
-- Applying patch add_debug_postfix_on_mingw.patch
-- Applying patch 0002-android-build-mingw.patch
-- Using source at /home/logan/Dev/C++/fantastic-umbrella/vcpkg/buildtrees/zlib/src/1.2.12-220a70ae9f.clean
-- Found external ninja('1.10.2').
-- Configuring x64-linux-dbg
-- Configuring x64-linux-rel
-- Building x64-linux-dbg
-- Building x64-linux-rel
-- Installing: /home/logan/Dev/C++/fantastic-umbrella/vcpkg/packages/zlib_x64-linux/share/zlib/vcpkg-cmake-wrapper.cmake
-- Fixing pkgconfig file: /home/logan/Dev/C++/fantastic-umbrella/vcpkg/packages/zlib_x64-linux/lib/pkgconfig/zlib.pc
-- Fixing pkgconfig file: /home/logan/Dev/C++/fantastic-umbrella/vcpkg/packages/zlib_x64-linux/debug/lib/pkgconfig/zlib.pc
-- Installing: /home/logan/Dev/C++/fantastic-umbrella/vcpkg/packages/zlib_x64-linux/share/zlib/copyright
-- Performing post-build validation
-- Performing post-build validation done
Stored binary cache: /home/logan/.cache/vcpkg/archives/a7/a7cfa21458e5b9278563b7e9dec7160a99715c9cd1b719b080a0481081b74e8c.zip
Installing package zlib[core]:x64-linux...
Elapsed time for package zlib:x64-linux: 5.917 s

Total elapsed time: 51.14 s

The package glad provides CMake targets:

    find_package(glad CONFIG REQUIRED)
    target_link_libraries(main PRIVATE glad::glad)

The package sdl2 provides CMake targets:

    find_package(SDL2 CONFIG REQUIRED)
    target_link_libraries(main PRIVATE SDL2::SDL2 SDL2::SDL2main SDL2::SDL2-static)

The package stb is header only and can be used from CMake via:

    find_path(STB_INCLUDE_DIRS "stb.h")
    target_include_directories(main PRIVATE ${STB_INCLUDE_DIRS})

The package utf8proc provides CMake targets:

    find_package(unofficial-utf8proc CONFIG REQUIRED)
    target_link_libraries(main PRIVATE utf8proc)

The package zlib is compatible with built-in CMake targets:

    find_package(ZLIB REQUIRED)
    target_link_libraries(main PRIVATE ZLIB::ZLIB)

